<?xml version="1.0" encoding="UTF-8"?>
<!-- Generated by org.testng.reporters.JUnitXMLReporter -->
<testsuite hostname="PC-20130407IWDV" name="Command line test" tests="2" failures="1" timestamp="1 Nov 2015 09:55:57 GMT" time="390.479" errors="0">
  <testcase name="toMail" time="18.026" classname="testModel3.TestMultipleThreads"/>
  <testcase name="toBaidu" time="85.555" classname="testModel3.TestMultipleThreads">
    <failure type="org.openqa.selenium.remote.SessionNotFoundException" message="The FirefoxDriver cannot be used after quit() was called.
Build info: version: &amp;apos;2.44.0&amp;apos;, revision: &amp;apos;76d78cf&amp;apos;, time: &amp;apos;2014-10-23 20:03:00&amp;apos;
System info: host: &amp;apos;PC-20130407IWDV&amp;apos;, ip: &amp;apos;180.91.149.175&amp;apos;, os.name: &amp;apos;Windows 7&amp;apos;, os.arch: &amp;apos;x86&amp;apos;, os.version: &amp;apos;6.1&amp;apos;, java.version: &amp;apos;1.7.0_07&amp;apos;
Driver info: driver.version: RemoteWebDriver">
      <![CDATA[org.openqa.selenium.remote.SessionNotFoundException: The FirefoxDriver cannot be used after quit() was called.
Build info: version: '2.44.0', revision: '76d78cf', time: '2014-10-23 20:03:00'
System info: host: 'PC-20130407IWDV', ip: '180.91.149.175', os.name: 'Windows 7', os.arch: 'x86', os.version: '6.1', java.version: '1.7.0_07'
Driver info: driver.version: RemoteWebDriver
	at org.openqa.selenium.firefox.FirefoxDriver$LazyCommandExecutor.execute(FirefoxDriver.java:359)
	at org.openqa.selenium.remote.RemoteWebDriver.execute(RemoteWebDriver.java:572)
	at org.openqa.selenium.remote.RemoteWebDriver.get(RemoteWebDriver.java:304)
	at testModel3.TestMultipleThreads.toBaidu(TestMultipleThreads.java:18)
	at java.util.concurrent.ThreadPoolExecutor.runWorker(ThreadPoolExecutor.java:1110)
	at java.util.concurrent.ThreadPoolExecutor$Worker.run(ThreadPoolExecutor.java:603)
	at java.lang.Thread.run(Thread.java:722)
... Removed 10 stack frames]]>
    </failure>
  </testcase> <!-- toBaidu -->
</testsuite> <!-- Command line test -->
